<?xml version="1.0" encoding="UTF-8"?>
<!-- Generated by org.testng.reporters.JUnitReportReporter -->
<testsuite hostname="Shashidhar" failures="0" tests="2" name="github_test_cases.github_testcases" time="2.366" errors="0" timestamp="2023-07-02T12:54:33 IST" skipped="1">
  <testcase classname="github_test_cases.github_testcases" name="CreateRepoDynamic" time="2.366"/>
  <system-out/>
  <testcase classname="github_test_cases.github_testcases" name="createRepository">
    <skipped/>
  </testcase> <!-- createRepository -->
  <system-out/>
</testsuite> <!-- github_test_cases.github_testcases -->
